<?xml version="1.0" encoding="UTF-8"?>
<!-- Generated by org.testng.reporters.JUnitReportReporter -->
<testsuite skipped="1" hostname="DESKTOP-K48275I" name="testcases.AddCustomerTest" tests="4" failures="0" timestamp="19 Dec 2022 18:24:54 GMT" time="13.358" errors="0">
  <testcase name="addCustomerTest" time="0.000" classname="testcases.AddCustomerTest">
    <skipped/>
  </testcase> <!-- addCustomerTest -->
  <testcase name="addCustomerTest" time="4.297" classname="testcases.AddCustomerTest"/>
  <testcase name="addCustomerTest" time="4.774" classname="testcases.AddCustomerTest"/>
  <testcase name="addCustomerTest" time="4.287" classname="testcases.AddCustomerTest"/>
</testsuite> <!-- testcases.AddCustomerTest -->
