<?xml version="1.0" encoding="UTF-8"?>
<!-- Generated by org.testng.reporters.JUnitReportReporter -->
<testsuite skipped="0" hostname="DESKTOP-K48275I" name="testcases.BankManagerLoginTest" tests="1" failures="0" timestamp="19 Dec 2022 18:24:54 GMT" time="3.601" errors="0">
  <testcase name="bankManagerLoginTest" time="3.601" classname="testcases.BankManagerLoginTest"/>
</testsuite> <!-- testcases.BankManagerLoginTest -->
